<?xml version="1.0" encoding="UTF-8" ?>
<testsuite tests="1" failures="0" name="com.itheima.AppTest" time="0.002" errors="0" skipped="0">
  <properties>
    <property name="idea.version" value="2022.2.2"/>
    <property name="java.runtime.name" value="Java(TM) SE Runtime Environment"/>
    <property name="sun.boot.library.path" value="G:\jdk1.8.0_241\jre\bin"/>
    <property name="java.vm.version" value="25.241-b07"/>
    <property name="java.vm.vendor" value="Oracle Corporation"/>
    <property name="maven.multiModuleProjectDirectory" value="E:\java-git\maven"/>
    <property name="java.vendor.url" value="http://java.oracle.com/"/>
    <property name="path.separator" value=";"/>
    <property name="guice.disable.misplaced.annotation.check" value="true"/>
    <property name="java.vm.name" value="Java HotSpot(TM) 64-Bit Server VM"/>
    <property name="file.encoding.pkg" value="sun.io"/>
    <property name="user.script" value=""/>
    <property name="user.country" value="US"/>
    <property name="sun.java.launcher" value="SUN_STANDARD"/>
    <property name="sun.os.patch.level" value=""/>
    <property name="java.vm.specification.name" value="Java Virtual Machine Specification"/>
    <property name="user.dir" value="E:\java-git\maven"/>
    <property name="java.runtime.version" value="1.8.0_241-b07"/>
    <property name="java.awt.graphicsenv" value="sun.awt.Win32GraphicsEnvironment"/>
    <property name="java.endorsed.dirs" value="G:\jdk1.8.0_241\jre\lib\endorsed"/>
    <property name="os.arch" value="amd64"/>
    <property name="java.io.tmpdir" value="C:\Users\a1097\AppData\Local\Temp\"/>
    <property name="line.separator" value="
"/>
    <property name="java.vm.specification.vendor" value="Oracle Corporation"/>
    <property name="user.variant" value=""/>
    <property name="os.name" value="Windows 10"/>
    <property name="maven.ext.class.path" value="G:\JetBrains\apps\IDEA-U\ch-0\222.4167.29\plugins\maven\lib\maven-event-listener.jar"/>
    <property name="classworlds.conf" value="G:\JetBrains\apps\IDEA-U\ch-0\222.4167.29\plugins\maven\lib\maven3\bin\m2.conf"/>
    <property name="sun.jnu.encoding" value="GBK"/>
    <property name="java.library.path" value="G:\jdk1.8.0_241\bin;C:\WINDOWS\Sun\Java\bin;C:\WINDOWS\system32;C:\WINDOWS;C:\Program Files (x86)\Common Files\Oracle\Java\javapath;C:\Program Files (x86)\Common Files\Intel\Shared Libraries\redist\intel64\compiler;C:\WINDOWS\system32;C:\WINDOWS;C:\WINDOWS\System32\Wbem;C:\WINDOWS\System32\WindowsPowerShell\v1.0\;C:\WINDOWS\System32\OpenSSH\;G:\mingw64\bin;G:\mysql-5.7.29-winx64\bin;G:\mysql-8.0.19-winx64\bin未用;C:\Program Files\dotnet\;E:\微信开发者工具\微信web开发者工具\dll;G:\apache-maven-3.8.5\bin;G:\node-v14.19.1-win-x64;G:\node-v16.15.1-win-x64;G:\node-v10.24.1-win-x64;E:\Git\bin;C:\Users\a1097\AppData\Local\Microsoft\WindowsApps;;G:\Microsoft VS Code\Microsoft VS Code\bin;C:\Users\a1097\AppData\Local\JetBrains\Toolbox\scripts;."/>
    <property name="maven.conf" value="G:\JetBrains\apps\IDEA-U\ch-0\222.4167.29\plugins\maven\lib\maven3/conf"/>
    <property name="java.specification.name" value="Java Platform API Specification"/>
    <property name="java.class.version" value="52.0"/>
    <property name="sun.management.compiler" value="HotSpot 64-Bit Tiered Compilers"/>
    <property name="os.version" value="10.0"/>
    <property name="user.home" value="C:\Users\a1097"/>
    <property name="user.timezone" value="Asia/Shanghai"/>
    <property name="java.awt.printerjob" value="sun.awt.windows.WPrinterJob"/>
    <property name="java.specification.version" value="1.8"/>
    <property name="file.encoding" value="UTF-8"/>
    <property name="user.name" value="a1097"/>
    <property name="java.class.path" value="G:\JetBrains\apps\IDEA-U\ch-0\222.4167.29\plugins\maven\lib\maven3\boot\plexus-classworlds-2.6.0.jar;G:\JetBrains\apps\IDEA-U\ch-0\222.4167.29\plugins\maven\lib\maven3\boot\plexus-classworlds.license;G:\JetBrains\apps\IDEA-U\ch-0\222.4167.29\lib\idea_rt.jar"/>
    <property name="java.vm.specification.version" value="1.8"/>
    <property name="sun.arch.data.model" value="64"/>
    <property name="java.home" value="G:\jdk1.8.0_241\jre"/>
    <property name="sun.java.command" value="org.codehaus.classworlds.Launcher -Didea.version=2022.2.2 -s G:\apache-maven-3.8.5\conf\settings.xml clean install"/>
    <property name="java.specification.vendor" value="Oracle Corporation"/>
    <property name="user.language" value="en"/>
    <property name="awt.toolkit" value="sun.awt.windows.WToolkit"/>
    <property name="java.vm.info" value="mixed mode"/>
    <property name="java.version" value="1.8.0_241"/>
    <property name="java.ext.dirs" value="G:\jdk1.8.0_241\jre\lib\ext;C:\WINDOWS\Sun\Java\lib\ext"/>
    <property name="sun.boot.class.path" value="G:\jdk1.8.0_241\jre\lib\resources.jar;G:\jdk1.8.0_241\jre\lib\rt.jar;G:\jdk1.8.0_241\jre\lib\sunrsasign.jar;G:\jdk1.8.0_241\jre\lib\jsse.jar;G:\jdk1.8.0_241\jre\lib\jce.jar;G:\jdk1.8.0_241\jre\lib\charsets.jar;G:\jdk1.8.0_241\jre\lib\jfr.jar;G:\jdk1.8.0_241\jre\classes"/>
    <property name="java.vendor" value="Oracle Corporation"/>
    <property name="maven.home" value="G:\JetBrains\apps\IDEA-U\ch-0\222.4167.29\plugins\maven\lib\maven3"/>
    <property name="file.separator" value="\"/>
    <property name="java.vendor.url.bug" value="http://bugreport.sun.com/bugreport/"/>
    <property name="sun.cpu.endian" value="little"/>
    <property name="sun.io.unicode.encoding" value="UnicodeLittle"/>
    <property name="sun.desktop" value="windows"/>
    <property name="sun.cpu.isalist" value="amd64"/>
  </properties>
  <testcase classname="com.itheima.AppTest" name="testApp" time="0.002"/>
</testsuite>